This file contains any messages produced by compilers while
running configure, to aid debugging if configure makes a mistake.

It was created by myexe configure 1.0, which was
generated by GNU Autoconf 2.69.  Invocation command line was

  $ ./configure 

## --------- ##
## Platform. ##
## --------- ##

hostname = localhost.localdomain
uname -m = x86_64
uname -r = 5.5.17-200.fc31.x86_64
uname -s = Linux
uname -v = #1 SMP Mon Apr 13 15:29:42 UTC 2020

/usr/bin/uname -p = x86_64
/bin/uname -X     = unknown

/bin/arch              = x86_64
/usr/bin/arch -k       = unknown
/usr/convex/getsysinfo = unknown
/usr/bin/hostinfo      = unknown
/bin/machine           = unknown
/usr/bin/oslevel       = unknown
/bin/universe          = unknown

PATH: /usr/share/Modules/bin
PATH: /usr/local/sbin
PATH: /usr/local/bin
PATH: /usr/sbin
PATH: /usr/bin
PATH: /root/bin


## ----------- ##
## Core tests. ##
## ----------- ##

configure:1826: checking for a BSD-compatible install
configure:1894: result: /usr/bin/install -c
configure:1905: checking whether build environment is sane
configure:1960: result: yes
configure:2109: checking for a thread-safe mkdir -p
configure:2148: result: /usr/bin/mkdir -p
configure:2155: checking for gawk
configure:2171: found /usr/bin/gawk
configure:2182: result: gawk
configure:2193: checking whether make sets $(MAKE)
configure:2215: result: yes
configure:2244: checking whether make supports nested variables
configure:2261: result: yes
configure:2441: checking for gcc
configure:2457: found /usr/bin/gcc
configure:2468: result: gcc
configure:2499: checking for C compiler version
configure:2508: gcc --version >&5
gcc (GCC) 9.3.1 20200408 (Red Hat 9.3.1-2)
Copyright (C) 2019 Free Software Foundation, Inc.
This is free software; see the source for copying conditions.  There is NO
warranty; not even for MERCHANTABILITY or FITNESS FOR A PARTICULAR PURPOSE.

configure:2519: $? = 0
configure:2508: gcc -v >&5
Using built-in specs.
COLLECT_GCC=gcc
COLLECT_LTO_WRAPPER=/usr/libexec/gcc/x86_64-redhat-linux/9/lto-wrapper
OFFLOAD_TARGET_NAMES=nvptx-none
OFFLOAD_TARGET_DEFAULT=1
Target: x86_64-redhat-linux
Configured with: ../configure --enable-bootstrap --enable-languages=c,c++,fortran,objc,obj-c++,ada,go,d,lto --prefix=/usr --mandir=/usr/share/man --infodir=/usr/share/info --with-bugurl=http://bugzilla.redhat.com/bugzilla --enable-shared --enable-threads=posix --enable-checking=release --enable-multilib --with-system-zlib --enable-__cxa_atexit --disable-libunwind-exceptions --enable-gnu-unique-object --enable-linker-build-id --with-gcc-major-version-only --with-linker-hash-style=gnu --enable-plugin --enable-initfini-array --with-isl --enable-offload-targets=nvptx-none --without-cuda-driver --enable-gnu-indirect-function --enable-cet --with-tune=generic --with-arch_32=i686 --build=x86_64-redhat-linux
Thread model: posix
gcc version 9.3.1 20200408 (Red Hat 9.3.1-2) (GCC) 
configure:2519: $? = 0
configure:2508: gcc -V >&5
gcc: error: unrecognized command line option '-V'
gcc: fatal error: no input files
compilation terminated.
configure:2519: $? = 1
configure:2508: gcc -qversion >&5
gcc: error: unrecognized command line option '-qversion'; did you mean '--version'?
gcc: fatal error: no input files
compilation terminated.
configure:2519: $? = 1
configure:2539: checking whether the C compiler works
configure:2561: gcc    conftest.c  >&5
configure:2565: $? = 0
configure:2613: result: yes
configure:2616: checking for C compiler default output file name
configure:2618: result: a.out
configure:2624: checking for suffix of executables
configure:2631: gcc -o conftest    conftest.c  >&5
configure:2635: $? = 0
configure:2657: result: 
configure:2679: checking whether we are cross compiling
configure:2687: gcc -o conftest    conftest.c  >&5
configure:2691: $? = 0
configure:2698: ./conftest
configure:2702: $? = 0
configure:2690: result: no
configure:2695: checking for suffix of object files
configure:2717: gcc -c   conftest.c >&5
configure:2721: $? = 0
configure:2742: result: o
configure:2746: checking whether we are using the GNU C compiler
configure:2765: gcc -c   conftest.c >&5
configure:2765: $? = 0
configure:2774: result: yes
configure:2783: checking whether gcc accepts -g
configure:2803: gcc -c -g  conftest.c >&5
configure:2803: $? = 0
configure:2844: result: yes
configure:2861: checking for gcc option to accept ISO C89
configure:2924: gcc  -c -g -O2  conftest.c >&5
configure:2924: $? = 0
configure:2937: result: none needed
configure:2962: checking whether gcc understands -c and -o together
configure:2984: gcc -c conftest.c -o conftest2.o
configure:2987: $? = 0
configure:2984: gcc -c conftest.c -o conftest2.o
configure:2987: $? = 0
configure:2999: result: yes
configure:3019: checking whether make supports the include directive
configure:3034: make -f confmf.GNU && cat confinc.out
this is the am__doit target
configure:3037: $? = 0
configure:3056: result: yes (GNU style)
configure:3081: checking dependency style of gcc
configure:3192: result: gcc3
configure:3346: checking that generated files are newer than configure
configure:3352: result: done
configure:3375: creating ./config.status

## ---------------------- ##
## Running config.status. ##
## ---------------------- ##

This file was extended by myexe config.status 1.0, which was
generated by GNU Autoconf 2.69.  Invocation command line was

  CONFIG_FILES    = 
  CONFIG_HEADERS  = 
  CONFIG_LINKS    = 
  CONFIG_COMMANDS = 
  $ ./config.status 

on localhost.localdomain

config.status:768: creating Makefile
config.status:940: executing depfiles commands
config.status:1017: cd .       && sed -e '/# am--include-marker/d' Makefile         | make -f - am--depfiles
config.status:1022: $? = 0

## ---------------- ##
## Cache variables. ##
## ---------------- ##

ac_cv_c_compiler_gnu=yes
ac_cv_env_CC_set=
ac_cv_env_CC_value=
ac_cv_env_CFLAGS_set=
ac_cv_env_CFLAGS_value=
ac_cv_env_CPPFLAGS_set=
ac_cv_env_CPPFLAGS_value=
ac_cv_env_LDFLAGS_set=
ac_cv_env_LDFLAGS_value=
ac_cv_env_LIBS_set=
ac_cv_env_LIBS_value=
ac_cv_env_build_alias_set=
ac_cv_env_build_alias_value=
ac_cv_env_host_alias_set=
ac_cv_env_host_alias_value=
ac_cv_env_target_alias_set=
ac_cv_env_target_alias_value=
ac_cv_objext=o
ac_cv_path_install='/usr/bin/install -c'
ac_cv_path_mkdir=/usr/bin/mkdir
ac_cv_prog_AWK=gawk
ac_cv_prog_ac_ct_CC=gcc
ac_cv_prog_cc_c89=
ac_cv_prog_cc_g=yes
ac_cv_prog_make_make_set=yes
am_cv_CC_dependencies_compiler_type=gcc3
am_cv_make_support_nested_variables=yes
am_cv_prog_cc_c_o=yes

## ----------------- ##
## Output variables. ##
## ----------------- ##

ACLOCAL='${SHELL} /home/adesh/sys_pro_arif/sysprogram/L5_autotool_cmake/gnuautotools/temp/myexe-1.0/missing aclocal-1.16'
AMDEPBACKSLASH='\'
AMDEP_FALSE='#'
AMDEP_TRUE=''
AMTAR='$${TAR-tar}'
AM_BACKSLASH='\'
AM_DEFAULT_V='$(AM_DEFAULT_VERBOSITY)'
AM_DEFAULT_VERBOSITY='1'
AM_V='$(V)'
AUTOCONF='${SHELL} /home/adesh/sys_pro_arif/sysprogram/L5_autotool_cmake/gnuautotools/temp/myexe-1.0/missing autoconf'
AUTOHEADER='${SHELL} /home/adesh/sys_pro_arif/sysprogram/L5_autotool_cmake/gnuautotools/temp/myexe-1.0/missing autoheader'
AUTOMAKE='${SHELL} /home/adesh/sys_pro_arif/sysprogram/L5_autotool_cmake/gnuautotools/temp/myexe-1.0/missing automake-1.16'
AWK='gawk'
CC='gcc'
CCDEPMODE='depmode=gcc3'
CFLAGS='-g -O2'
CPPFLAGS=''
CYGPATH_W='echo'
DEFS='-DPACKAGE_NAME=\"myexe\" -DPACKAGE_TARNAME=\"myexe\" -DPACKAGE_VERSION=\"1.0\" -DPACKAGE_STRING=\"myexe\ 1.0\" -DPACKAGE_BUGREPORT=\"adeshagarwal\" -DPACKAGE_URL=\"\" -DPACKAGE=\"myexe\" -DVERSION=\"1.0\"'
DEPDIR='.deps'
ECHO_C=''
ECHO_N='-n'
ECHO_T=''
EXEEXT=''
INSTALL_DATA='${INSTALL} -m 644'
INSTALL_PROGRAM='${INSTALL}'
INSTALL_SCRIPT='${INSTALL}'
INSTALL_STRIP_PROGRAM='$(install_sh) -c -s'
LDFLAGS=''
LIBOBJS=''
LIBS=''
LTLIBOBJS=''
MAKEINFO='${SHELL} /home/adesh/sys_pro_arif/sysprogram/L5_autotool_cmake/gnuautotools/temp/myexe-1.0/missing makeinfo'
MKDIR_P='/usr/bin/mkdir -p'
OBJEXT='o'
PACKAGE='myexe'
PACKAGE_BUGREPORT='adeshagarwal'
PACKAGE_NAME='myexe'
PACKAGE_STRING='myexe 1.0'
PACKAGE_TARNAME='myexe'
PACKAGE_URL=''
PACKAGE_VERSION='1.0'
PATH_SEPARATOR=':'
SET_MAKE=''
SHELL='/bin/sh'
STRIP=''
VERSION='1.0'
ac_ct_CC='gcc'
am__EXEEXT_FALSE=''
am__EXEEXT_TRUE='#'
am__fastdepCC_FALSE='#'
am__fastdepCC_TRUE=''
am__include='include'
am__isrc=''
am__leading_dot='.'
am__nodep='_no'
am__quote=''
am__tar='$${TAR-tar} chof - "$$tardir"'
am__untar='$${TAR-tar} xf -'
bindir='${exec_prefix}/bin'
build_alias=''
datadir='${datarootdir}'
datarootdir='${prefix}/share'
docdir='${datarootdir}/doc/${PACKAGE_TARNAME}'
dvidir='${docdir}'
exec_prefix='${prefix}'
host_alias=''
htmldir='${docdir}'
includedir='${prefix}/include'
infodir='${datarootdir}/info'
install_sh='${SHELL} /home/adesh/sys_pro_arif/sysprogram/L5_autotool_cmake/gnuautotools/temp/myexe-1.0/install-sh'
libdir='${exec_prefix}/lib'
libexecdir='${exec_prefix}/libexec'
localedir='${datarootdir}/locale'
localstatedir='${prefix}/var'
mandir='${datarootdir}/man'
mkdir_p='$(MKDIR_P)'
oldincludedir='/usr/include'
pdfdir='${docdir}'
prefix='/usr/local'
program_transform_name='s,x,x,'
psdir='${docdir}'
sbindir='${exec_prefix}/sbin'
sharedstatedir='${prefix}/com'
sysconfdir='${prefix}/etc'
target_alias=''

## ----------- ##
## confdefs.h. ##
## ----------- ##

/* confdefs.h */
#define PACKAGE_NAME "myexe"
#define PACKAGE_TARNAME "myexe"
#define PACKAGE_VERSION "1.0"
#define PACKAGE_STRING "myexe 1.0"
#define PACKAGE_BUGREPORT "adeshagarwal"
#define PACKAGE_URL ""
#define PACKAGE "myexe"
#define VERSION "1.0"

configure: exit 0
